<?xml version="1.0" encoding="UTF-8"?>
<testsuite xmlns:xsi="http://www.w3.org/2001/XMLSchema-instance" xsi:noNamespaceSchemaLocation="https://maven.apache.org/surefire/maven-surefire-plugin/xsd/surefire-test-report-3.0.xsd" version="3.0" name="isel.sisinf.DalTests" time="0.891" tests="3" errors="0" skipped="0" failures="0">
  <properties>
[...]
</properties>
  <testcase name="checkInvalidNIF" classname="isel.sisinf.DalTests" time="0.756">
    <system-out><![CDATA[[EL Info]: 2026.05.16 22:17:29.909--ServerSession(1911152052)--EclipseLink, version: Eclipse Persistence Services - 4.0.9.v202601021151-061974965b9a70b72fdcb96dae36a4d6ef5df9ce
[EL Warning]: metamodel: 2026.05.16 22:17:30.223--The collection of metamodel types is empty. Model classes may not have been found during entity search for Java SE and some Java EE container managed persistence units.  Please verify that your entity classes are referenced in persistence.xml using either <class> elements or a global <exclude-unlisted-classes>false</exclude-unlisted-classes> element
[EL Warning]: 2026.05.16 22:17:30.293--UnitOfWork(997850486)--Exception [EclipseLink-4002] (Eclipse Persistence Services - 4.0.9.v202601021151-061974965b9a70b72fdcb96dae36a4d6ef5df9ce): org.eclipse.persistence.exceptions.DatabaseException
Internal Exception: org.postgresql.util.PSQLException: ERROR: NIF tem de conter exactamente 9 digitos
  Where: PL/pgSQL function validate_nif_func() line 10 at RAISE
Error Code: 0
Call:     INSERT INTO cliente(nif)
    VALUES ('12345')

Query: DataModifyQuery(sql="    INSERT INTO cliente(nif)
    VALUES ('12345')
")
Expected exception:
Exception [EclipseLink-4002] (Eclipse Persistence Services - 4.0.9.v202601021151-061974965b9a70b72fdcb96dae36a4d6ef5df9ce): org.eclipse.persistence.exceptions.DatabaseException
Internal Exception: org.postgresql.util.PSQLException: ERROR: NIF tem de conter exactamente 9 digitos
  Where: PL/pgSQL function validate_nif_func() line 10 at RAISE
Error Code: 0
Call:     INSERT INTO cliente(nif)
    VALUES ('12345')

Query: DataModifyQuery(sql="    INSERT INTO cliente(nif)
    VALUES ('12345')
")
]]></system-out>
  </testcase>
  <testcase name="checkTriggerNIFIsNull" classname="isel.sisinf.DalTests" time="0.03">
    <system-out><![CDATA[[EL Warning]: 2026.05.16 22:17:30.340--UnitOfWork(380274260)--Exception [EclipseLink-4002] (Eclipse Persistence Services - 4.0.9.v202601021151-061974965b9a70b72fdcb96dae36a4d6ef5df9ce): org.eclipse.persistence.exceptions.DatabaseException
Internal Exception: org.postgresql.util.PSQLException: ERROR: NIF não pode ser NULL
  Where: PL/pgSQL function validate_nif_func() line 5 at RAISE
Error Code: 0
Call:     INSERT INTO cliente(nif)
    VALUES (NULL)

Query: DataModifyQuery(sql="    INSERT INTO cliente(nif)
    VALUES (NULL)
")
Expected exception:
Exception [EclipseLink-4002] (Eclipse Persistence Services - 4.0.9.v202601021151-061974965b9a70b72fdcb96dae36a4d6ef5df9ce): org.eclipse.persistence.exceptions.DatabaseException
Internal Exception: org.postgresql.util.PSQLException: ERROR: NIF não pode ser NULL
  Where: PL/pgSQL function validate_nif_func() line 5 at RAISE
Error Code: 0
Call:     INSERT INTO cliente(nif)
    VALUES (NULL)

Query: DataModifyQuery(sql="    INSERT INTO cliente(nif)
    VALUES (NULL)
")
]]></system-out>
  </testcase>
  <testcase name="checkValidNIF" classname="isel.sisinf.DalTests" time="0.029"/>
</testsuite>